<?xml version="1.0" encoding="UTF-8"?>
<!-- Generated by org.testng.reporters.JUnitReportReporter -->
<testsuite skipped="0" hostname="MONISHA-PC" name="testng.pratice.CreateNewOrgtest" tests="4" failures="0" timestamp="07 May 2021 16:30:23 GMT" time="0.030" errors="0">
  <testcase name="deleteOrgTest" time="0.000" classname="testng.pratice.CreateNewOrgtest"/>
  <testcase name="searchOrgTest" time="0.000" classname="testng.pratice.CreateNewOrgtest"/>
  <testcase name="creatOrgtest" time="0.015" classname="testng.pratice.CreateNewOrgtest"/>
  <testcase name="editOrgTest" time="0.015" classname="testng.pratice.CreateNewOrgtest"/>
</testsuite> <!-- testng.pratice.CreateNewOrgtest -->
