<?xml version="1.0" encoding="UTF-8"?>
<!-- Generated by org.testng.reporters.JUnitReportReporter -->
<testsuite skipped="0" hostname="MONISHA-PC" name="com.crm.RMGYTests.ValidateComplexDynamicResponse" tests="1" failures="0" timestamp="27 May 2021 06:01:20 GMT" time="5.397" errors="0">
  <testcase name="validateComplexDynamicResponseTest" time="5.397" classname="com.crm.RMGYTests.ValidateComplexDynamicResponse"/>
</testsuite> <!-- com.crm.RMGYTests.ValidateComplexDynamicResponse -->
