<?xml version="1.0" encoding="UTF-8"?>
<!-- Generated by org.testng.reporters.JUnitReportReporter -->
<testsuite skipped="0" hostname="MONISHA-PC" name="com.CRUDPractice.CreateProject" tests="1" failures="0" timestamp="27 May 2021 02:55:27 GMT" time="7.916" errors="0">
  <testcase name="createProjectTest" time="7.916" classname="com.CRUDPractice.CreateProject"/>
</testsuite> <!-- com.CRUDPractice.CreateProject -->
