<?xml version="1.0" encoding="UTF-8"?>
<!-- Generated by org.testng.reporters.JUnitReportReporter -->
<testsuite skipped="0" hostname="MONISHA-PC" name="com.crm.ParameterAuthentication.Oauth2Authentication" tests="1" failures="0" timestamp="27 May 2021 11:01:41 GMT" time="7.478" errors="0">
  <testcase name="Oauth2Test" time="7.478" classname="com.crm.ParameterAuthentication.Oauth2Authentication"/>
</testsuite> <!-- com.crm.ParameterAuthentication.Oauth2Authentication -->
