<?xml version="1.0" encoding="UTF-8"?>
<!-- Generated by org.testng.reporters.JUnitReportReporter -->
<testsuite skipped="0" hostname="MONISHA-PC" name="com.CRUDPractice.CreateProjectWithBDD" tests="1" failures="0" timestamp="27 May 2021 03:14:27 GMT" time="8.025" errors="0">
  <testcase name="createProjectWithBDDTest" time="8.025" classname="com.CRUDPractice.CreateProjectWithBDD"/>
</testsuite> <!-- com.CRUDPractice.CreateProjectWithBDD -->
