<?xml version="1.0" encoding="UTF-8"?>
<!-- Generated by org.testng.reporters.JUnitReportReporter -->
<testsuite skipped="0" hostname="MONISHA-PC" name="com.CRUDPractice.DeleteProjectWithBDD" tests="1" failures="0" timestamp="27 May 2021 03:34:50 GMT" time="6.550" errors="0">
  <testcase name="deleteProjectWithBDDTest" time="6.550" classname="com.CRUDPractice.DeleteProjectWithBDD"/>
</testsuite> <!-- com.CRUDPractice.DeleteProjectWithBDD -->
