<?xml version="1.0" encoding="UTF-8"?>
<!-- Generated by org.testng.reporters.JUnitReportReporter -->
<testsuite skipped="0" hostname="MONISHA-PC" name="com.CRUDPractice.UpdateProject" tests="1" failures="0" timestamp="27 May 2021 03:28:39 GMT" time="8.518" errors="0">
  <testcase name="updateProjectTest" time="8.518" classname="com.CRUDPractice.UpdateProject"/>
</testsuite> <!-- com.CRUDPractice.UpdateProject -->
