<?xml version="1.0" encoding="UTF-8"?>
<!-- Generated by org.testng.reporters.JUnitReportReporter -->
<testsuite skipped="0" hostname="MONISHA-PC" name="com.CRUDPractice.CreateMultipleProjectsUsingDataProvider" tests="5" failures="0" timestamp="26 May 2021 17:00:05 GMT" time="4.736" errors="0">
  <testcase name="createMultipleProjects" time="0.079" classname="com.CRUDPractice.CreateMultipleProjectsUsingDataProvider"/>
  <testcase name="createMultipleProjects" time="0.069" classname="com.CRUDPractice.CreateMultipleProjectsUsingDataProvider"/>
  <testcase name="createMultipleProjects" time="4.353" classname="com.CRUDPractice.CreateMultipleProjectsUsingDataProvider"/>
  <testcase name="createMultipleProjects" time="0.165" classname="com.CRUDPractice.CreateMultipleProjectsUsingDataProvider"/>
  <testcase name="createMultipleProjects" time="0.070" classname="com.CRUDPractice.CreateMultipleProjectsUsingDataProvider"/>
</testsuite> <!-- com.CRUDPractice.CreateMultipleProjectsUsingDataProvider -->
