<?xml version="1.0" encoding="UTF-8"?>
<!-- Generated by org.testng.reporters.JUnitReportReporter -->
<testsuite skipped="0" hostname="MONISHA-PC" name="com.crm.ParameterAuthentication.BearerToken" tests="1" failures="0" timestamp="27 May 2021 08:18:04 GMT" time="7.987" errors="0">
  <testcase name="bearerTokenTest" time="7.987" classname="com.crm.ParameterAuthentication.BearerToken"/>
</testsuite> <!-- com.crm.ParameterAuthentication.BearerToken -->
