<?xml version="1.0" encoding="UTF-8"?>
<!-- Generated by org.testng.reporters.JUnitReportReporter -->
<testsuite skipped="0" hostname="MONISHA-PC" name="com.crm.RMGYTests.ValidateComplexResponse" tests="1" failures="0" timestamp="27 May 2021 05:44:14 GMT" time="5.954" errors="0">
  <testcase name="validateComplexResponseProjectNameTest" time="5.954" classname="com.crm.RMGYTests.ValidateComplexResponse"/>
</testsuite> <!-- com.crm.RMGYTests.ValidateComplexResponse -->
