<?xml version="1.0" encoding="UTF-8"?>
<!-- Generated by org.testng.reporters.JUnitReportReporter -->
<testsuite skipped="0" hostname="MONISHA-PC" name="com.crm.ParameterAuthentication.Pathparameter" tests="1" failures="0" timestamp="27 May 2021 06:31:57 GMT" time="5.435" errors="0">
  <testcase name="pathParameterTest" time="5.435" classname="com.crm.ParameterAuthentication.Pathparameter"/>
</testsuite> <!-- com.crm.ParameterAuthentication.Pathparameter -->
