<?xml version="1.0" encoding="UTF-8"?>
<!-- Generated by org.testng.reporters.JUnitReportReporter -->
<testsuite skipped="0" hostname="MONISHA-PC" name="com.CRUDPractice.GetAllProject" tests="1" failures="0" timestamp="27 May 2021 03:00:05 GMT" time="6.557" errors="0">
  <testcase name="getAllProjectsTest" time="6.557" classname="com.CRUDPractice.GetAllProject"/>
</testsuite> <!-- com.CRUDPractice.GetAllProject -->
