<?xml version="1.0" encoding="UTF-8"?>
<!-- Generated by org.testng.reporters.JUnitReportReporter -->
<testsuite skipped="0" hostname="MONISHA-PC" name="com.crm.RMGYTests.CreateMultipleProjectsUsingDataProvider" tests="5" failures="0" timestamp="27 May 2021 06:09:13 GMT" time="6.913" errors="0">
  <testcase name="createMultipleProjects" time="0.116" classname="com.crm.RMGYTests.CreateMultipleProjectsUsingDataProvider"/>
  <testcase name="createMultipleProjects" time="0.134" classname="com.crm.RMGYTests.CreateMultipleProjectsUsingDataProvider"/>
  <testcase name="createMultipleProjects" time="6.427" classname="com.crm.RMGYTests.CreateMultipleProjectsUsingDataProvider"/>
  <testcase name="createMultipleProjects" time="0.141" classname="com.crm.RMGYTests.CreateMultipleProjectsUsingDataProvider"/>
  <testcase name="createMultipleProjects" time="0.095" classname="com.crm.RMGYTests.CreateMultipleProjectsUsingDataProvider"/>
</testsuite> <!-- com.crm.RMGYTests.CreateMultipleProjectsUsingDataProvider -->
