<?xml version="1.0" encoding="UTF-8"?>
<!-- Generated by org.testng.reporters.JUnitReportReporter -->
<testsuite skipped="0" hostname="MONISHA-PC" name="com.CRUDPractice.CreateProjectUsingPOJO" tests="1" failures="0" timestamp="26 May 2021 16:47:06 GMT" time="5.088" errors="0">
  <testcase name="createProjectsUsingPOJOTest" time="5.088" classname="com.CRUDPractice.CreateProjectUsingPOJO"/>
</testsuite> <!-- com.CRUDPractice.CreateProjectUsingPOJO -->
