<?xml version="1.0" encoding="UTF-8"?>
<!-- Generated by org.testng.reporters.JUnitReportReporter -->
<testsuite skipped="0" hostname="MONISHA-PC" name="com.crm.ParameterAuthentication.CreateProjectAndGetTheSameProject" tests="1" failures="0" timestamp="27 May 2021 09:47:43 GMT" time="6.366" errors="0">
  <testcase name="createProjectAndGetTheSameProject" time="6.366" classname="com.crm.ParameterAuthentication.CreateProjectAndGetTheSameProject"/>
</testsuite> <!-- com.crm.ParameterAuthentication.CreateProjectAndGetTheSameProject -->
