<?xml version="1.0" encoding="UTF-8"?>
<!-- Generated by org.testng.reporters.JUnitReportReporter -->
<testsuite skipped="0" hostname="MONISHA-PC" name="com.CRUDPractice.CreateProjectWithJSONFile" tests="1" failures="0" timestamp="26 May 2021 16:11:31 GMT" time="4.480" errors="0">
  <testcase name="createProjectwithJSONFileTest" time="4.480" classname="com.CRUDPractice.CreateProjectWithJSONFile"/>
</testsuite> <!-- com.CRUDPractice.CreateProjectWithJSONFile -->
