<?xml version="1.0" encoding="UTF-8"?>
<!-- Generated by org.testng.reporters.JUnitReportReporter -->
<testsuite skipped="0" hostname="MONISHA-PC" name="com.CRUDPractice.CreateProjectUsingHashMap" tests="1" failures="0" timestamp="26 May 2021 09:08:50 GMT" time="4.515" errors="0">
  <testcase name="createProjectWithHashMapTest" time="4.515" classname="com.CRUDPractice.CreateProjectUsingHashMap"/>
</testsuite> <!-- com.CRUDPractice.CreateProjectUsingHashMap -->
