<?xml version="1.0" encoding="UTF-8"?>
<!-- Generated by org.testng.reporters.JUnitReportReporter -->
<testsuite skipped="0" hostname="MONISHA-PC" name="com.crm.ParameterAuthentication.RequestChaining" tests="1" failures="0" timestamp="27 May 2021 09:44:42 GMT" time="5.909" errors="0">
  <testcase name="requestChainingTest" time="5.909" classname="com.crm.ParameterAuthentication.RequestChaining"/>
</testsuite> <!-- com.crm.ParameterAuthentication.RequestChaining -->
