<?xml version="1.0" encoding="UTF-8"?>
<!-- Generated by org.testng.reporters.JUnitReportReporter -->
<testsuite skipped="0" hostname="MONISHA-PC" name="com.crm.ParameterAuthentication.QueryParameter" tests="1" failures="0" timestamp="27 May 2021 06:42:11 GMT" time="7.203" errors="0">
  <testcase name="queryParameterTest" time="7.203" classname="com.crm.ParameterAuthentication.QueryParameter"/>
</testsuite> <!-- com.crm.ParameterAuthentication.QueryParameter -->
