<?xml version="1.0" encoding="UTF-8"?>
<!-- Generated by org.testng.reporters.JUnitReportReporter -->
<testsuite skipped="0" hostname="MONISHA-PC" name="com.CRUDPractice.GetSigleProject" tests="1" failures="0" timestamp="27 May 2021 03:06:55 GMT" time="6.328" errors="0">
  <testcase name="getSingleProjectTest" time="6.328" classname="com.CRUDPractice.GetSigleProject"/>
</testsuite> <!-- com.CRUDPractice.GetSigleProject -->
